{"/home/evan/career-track/insertion-sort/insertion-sort.js": {"path":"/home/evan/career-track/insertion-sort/insertion-sort.js","statementMap":{"0":{"start":{"line":14,"column":22},"end":{"line":25,"column":1}},"1":{"start":{"line":15,"column":2},"end":{"line":23,"column":3}},"2":{"start":{"line":15,"column":14},"end":{"line":15,"column":15}},"3":{"start":{"line":16,"column":12},"end":{"line":16,"column":17}},"4":{"start":{"line":17,"column":15},"end":{"line":17,"column":21}},"5":{"start":{"line":18,"column":4},"end":{"line":21,"column":5}},"6":{"start":{"line":19,"column":6},"end":{"line":19,"column":26}},"7":{"start":{"line":20,"column":6},"end":{"line":20,"column":10}},"8":{"start":{"line":22,"column":4},"end":{"line":22,"column":22}},"9":{"start":{"line":24,"column":2},"end":{"line":24,"column":13}},"10":{"start":{"line":27,"column":0},"end":{"line":27,"column":31}}},"fnMap":{"0":{"name":"(anonymous_0)","decl":{"start":{"line":14,"column":22},"end":{"line":14,"column":23}},"loc":{"start":{"line":14,"column":31},"end":{"line":25,"column":1}},"line":14}},"branchMap":{"0":{"loc":{"start":{"line":18,"column":10},"end":{"line":18,"column":33}},"type":"binary-expr","locations":[{"start":{"line":18,"column":10},"end":{"line":18,"column":16}},{"start":{"line":18,"column":20},"end":{"line":18,"column":33}}],"line":18}},"s":{"0":1,"1":1,"2":1,"3":5,"4":5,"5":5,"6":8,"7":8,"8":5,"9":1,"10":1},"f":{"0":1},"b":{"0":[13,12]},"_coverageSchema":"43e27e138ebf9cfc5966b082cf9a028302ed4184","hash":"c67120d9048cd8b8eafd246a50a858b049be63db"}
}
